<?xml version="1.0" encoding="UTF-8"?>
<testsuite name="RecipesApplicationTest" tests="1" skipped="0" failures="1" errors="0" timestamp="2021-11-05T20:51:33" hostname="DESKTOP-TQV2K0M" time="11.545">
  <properties/>
  <testcase name="start" classname="RecipesApplicationTest" time="11.545">
    <failure message="java.lang.AssertionError: Wrong answer in test #8&#10;&#10;DELETE /api/recipe/1 should respond with status code 204, responded: 405&#10;&#10;Response body:&#10;{&quot;timestamp&quot;:&quot;2021-11-05T20:51:45.195+00:00&quot;,&quot;status&quot;:405,&quot;error&quot;:&quot;Method Not Allowed&quot;,&quot;message&quot;:&quot;&quot;,&quot;path&quot;:&quot;/api/recipe/1&quot;}&#10;&#10;Please find below the output of your program during this failed test.&#10;&#10;---&#10;&#10;.   ____          _            __ _ _&#10; /\\ / ___'_ __ _ _(_)_ __  __ _ \ \ \ \&#10;( ( )\___ | '_ | '_| | '_ \/ _` | \ \ \ \&#10; \\/  ___)| |_)| | | | | || (_| |  ) ) ) )&#10;  '  |____| .__|_| |_|_| |_\__, | / / / /&#10; =========|_|==============|___/=/_/_/_/&#10; :: Spring Boot ::        (v2.3.1.RELEASE)&#10;&#10;2021-11-05 16:51:34.670  INFO 7948 --- [    Test worker] recipes.RecipesApplication               : Starting RecipesApplication on DESKTOP-TQV2K0M with PID 7948 (started by pauln in C:\Users\pauln\Desktop\Recipes2\Recipes\task)&#10;2021-11-05 16:51:34.675  INFO 7948 --- [    Test worker] recipes.RecipesApplication               : No active profile set, falling back to default profiles: default&#10;2021-11-05 16:51:36.378  INFO 7948 --- [    Test worker] .s.d.r.c.RepositoryConfigurationDelegate : Bootstrapping Spring Data JPA repositories in DEFERRED mode.&#10;2021-11-05 16:51:36.465  INFO 7948 --- [    Test worker] .s.d.r.c.RepositoryConfigurationDelegate : Finished Spring Data repository scanning in 73ms. Found 1 JPA repository interfaces.&#10;2021-11-05 16:51:37.826  INFO 7948 --- [    Test worker] o.s.b.w.embedded.tomcat.TomcatWebServer  : Tomcat initialized with port(s): 8881 (http)&#10;2021-11-05 16:51:37.850  INFO 7948 --- [    Test worker] o.apache.catalina.core.StandardService   : Starting service [Tomcat]&#10;2021-11-05 16:51:37.851  INFO 7948 --- [    Test worker] org.apache.catalina.core.StandardEngine  : Starting Servlet engine: [Apache Tomcat/9.0.36]&#10;2021-11-05 16:51:38.042  INFO 7948 --- [    Test worker] o.a.c.c.C.[Tomcat].[localhost].[/]       : Initializing Spring embedded WebApplicationContext&#10;2021-11-05 16:51:38.043  INFO 7948 --- [    Test worker] w.s.c.ServletWebServerApplicationContext : Root WebApplicationContext: initialization completed in 3277 ms&#10;2021-11-05 16:51:38.297  INFO 7948 --- [    Test worker] com.zaxxer.hikari.HikariDataSource       : HikariPool-1 - Starting...&#10;2021-11-05 16:51:38.705  INFO 7948 --- [    Test worker] com.zaxxer.hikari.HikariDataSource       : HikariPool-1 - Start completed.&#10;2021-11-05 16:51:38.720  INFO 7948 --- [    Test worker] o.s.b.a.h2.H2ConsoleAutoConfiguration    : H2 console available at '/h2-console'. Database available at 'jdbc:h2:file:../recipes_db'&#10;2021-11-05 16:51:39.072  INFO 7948 --- [    Test worker] o.s.s.concurrent.ThreadPoolTaskExecutor  : Initializing ExecutorService 'applicationTaskExecutor'&#10;2021-11-05 16:51:39.157  INFO 7948 --- [         task-1] o.hibernate.jpa.internal.util.LogHelper  : HHH000204: Processing PersistenceUnitInfo [name: default]&#10;2021-11-05 16:51:39.206  WARN 7948 --- [    Test worker] JpaBaseConfiguration$JpaWebConfiguration : spring.jpa.open-in-view is enabled by default. Therefore, database queries may be performed during view rendering. Explicitly configure spring.jpa.open-in-view to disable this warning&#10;2021-11-05 16:51:39.279  INFO 7948 --- [         task-1] org.hibernate.Version                    : HHH000412: Hibernate ORM core version 5.4.17.Final&#10;2021-11-05 16:51:39.639  INFO 7948 --- [         task-1] o.hibernate.annotations.common.Version   : HCANN000001: Hibernate Commons Annotations {5.1.0.Final}&#10;2021-11-05 16:51:39.907  INFO 7948 --- [         task-1] org.hibernate.dialect.Dialect            : HHH000400: Using dialect: org.hibernate.dialect.H2Dialect&#10;2021-11-05 16:51:41.276  INFO 7948 --- [         task-1] o.h.e.t.j.p.i.JtaPlatformInitiator       : HHH000490: Using JtaPlatform implementation: [org.hibernate.engine.transaction.jta.platform.internal.NoJtaPlatform]&#10;2021-11-05 16:51:41.291  INFO 7948 --- [         task-1] j.LocalContainerEntityManagerFactoryBean : Initialized JPA EntityManagerFactory for persistence unit 'default'&#10;2021-11-05 16:51:41.419  INFO 7948 --- [    Test worker] o.s.b.a.e.web.EndpointLinksResolver      : Exposing 14 endpoint(s) beneath base path '/actuator'&#10;2021-11-05 16:51:41.518  INFO 7948 --- [    Test worker] o.s.b.w.embedded.tomcat.TomcatWebServer  : Tomcat started on port(s): 8881 (http) with context path ''&#10;2021-11-05 16:51:41.520  INFO 7948 --- [    Test worker] DeferredRepositoryInitializationListener : Triggering deferred initialization of Spring Data repositoriesâ€¦&#10;2021-11-05 16:51:41.844  INFO 7948 --- [    Test worker] DeferredRepositoryInitializationListener : Spring Data repositories initialized!&#10;2021-11-05 16:51:41.865  INFO 7948 --- [    Test worker] recipes.RecipesApplication               : Started RecipesApplication in 7.812 seconds (JVM running for 9.474)&#10;2021-11-05 16:51:42.372  INFO 7948 --- [nio-8881-exec-1] o.a.c.c.C.[Tomcat].[localhost].[/]       : Initializing Spring DispatcherServlet 'dispatcherServlet'&#10;2021-11-05 16:51:42.373  INFO 7948 --- [nio-8881-exec-1] o.s.web.servlet.DispatcherServlet        : Initializing Servlet 'dispatcherServlet'&#10;2021-11-05 16:51:42.386  INFO 7948 --- [nio-8881-exec-1] o.s.web.servlet.DispatcherServlet        : Completed initialization in 13 ms&#10;2021-11-05 16:51:43.578  INFO 7948 --- [     Thread-313] j.LocalContainerEntityManagerFactoryBean : Closing JPA EntityManagerFactory for persistence unit 'default'&#10;2021-11-05 16:51:43.581  INFO 7948 --- [     Thread-313] o.s.s.concurrent.ThreadPoolTaskExecutor  : Shutting down ExecutorService 'applicationTaskExecutor'&#10;2021-11-05 16:51:43.582  INFO 7948 --- [     Thread-313] com.zaxxer.hikari.HikariDataSource       : HikariPool-1 - Shutdown initiated...&#10;2021-11-05 16:51:43.611  INFO 7948 --- [     Thread-313] com.zaxxer.hikari.HikariDataSource       : HikariPool-1 - Shutdown completed.&#10;&#10;  .   ____          _            __ _ _&#10; /\\ / ___'_ __ _ _(_)_ __  __ _ \ \ \ \&#10;( ( )\___ | '_ | '_| | '_ \/ _` | \ \ \ \&#10; \\/  ___)| |_)| | | | | || (_| |  ) ) ) )&#10;  '  |____| .__|_| |_|_| |_\__, | / / / /&#10; =========|_|==============|___/=/_/_/_/&#10; :: Spring Boot ::        (v2.3.1.RELEASE)&#10;&#10;2021-11-05 16:51:43.720  INFO 7948 --- [    Test worker] recipes.RecipesApplication               : Starting RecipesApplication on DESKTOP-TQV2K0M with PID 7948 (started by pauln in C:\Users\pauln\Desktop\Recipes2\Recipes\task)&#10;2021-11-05 16:51:43.721  INFO 7948 --- [    Test worker] recipes.RecipesApplication               : No active profile set, falling back to default profiles: default&#10;2021-11-05 16:51:44.372  INFO 7948 --- [    Test worker] .s.d.r.c.RepositoryConfigurationDelegate : Bootstrapping Spring Data JPA repositories in DEFERRED mode.&#10;2021-11-05 16:51:44.383  INFO 7948 --- [    Test worker] .s.d.r.c.RepositoryConfigurationDelegate : Finished Spring Data repository scanning in 10ms. Found 1 JPA repository interfaces.&#10;2021-11-05 16:51:44.518  INFO 7948 --- [    Test worker] o.s.b.w.embedded.tomcat.TomcatWebServer  : Tomcat initialized with port(s): 8881 (http)&#10;2021-11-05 16:51:44.519  INFO 7948 --- [    Test worker] o.apache.catalina.core.StandardService   : Starting service [Tomcat]&#10;2021-11-05 16:51:44.519  INFO 7948 --- [    Test worker] org.apache.catalina.core.StandardEngine  : Starting Servlet engine: [Apache Tomcat/9.0.36]&#10;2021-11-05 16:51:44.563  INFO 7948 --- [    Test worker] o.a.c.c.C.[Tomcat].[localhost].[/]       : Initializing Spring embedded WebApplicationContext&#10;2021-11-05 16:51:44.563  INFO 7948 --- [    Test worker] w.s.c.ServletWebServerApplicationContext : Root WebApplicationContext: initialization completed in 833 ms&#10;2021-11-05 16:51:44.630  INFO 7948 --- [    Test worker] com.zaxxer.hikari.HikariDataSource       : HikariPool-2 - Starting...&#10;2021-11-05 16:51:44.648  INFO 7948 --- [    Test worker] com.zaxxer.hikari.HikariDataSource       : HikariPool-2 - Start completed.&#10;2021-11-05 16:51:44.649  INFO 7948 --- [    Test worker] o.s.b.a.h2.H2ConsoleAutoConfiguration    : H2 console available at '/h2-console'. Database available at 'jdbc:h2:file:../recipes_db'&#10;2021-11-05 16:51:44.727  INFO 7948 --- [    Test worker] o.s.s.concurrent.ThreadPoolTaskExecutor  : Initializing ExecutorService 'applicationTaskExecutor'&#10;2021-11-05 16:51:44.735  INFO 7948 --- [         task-1] o.hibernate.jpa.internal.util.LogHelper  : HHH000204: Processing PersistenceUnitInfo [name: default]&#10;2021-11-05 16:51:44.748  INFO 7948 --- [         task-1] org.hibernate.dialect.Dialect            : HHH000400: Using dialect: org.hibernate.dialect.H2Dialect&#10;2021-11-05 16:51:44.774  WARN 7948 --- [    Test worker] JpaBaseConfiguration$JpaWebConfiguration : spring.jpa.open-in-view is enabled by default. Therefore, database queries may be performed during view rendering. Explicitly configure spring.jpa.open-in-view to disable this warning&#10;2021-11-05 16:51:44.823  INFO 7948 --- [         task-1] o.h.e.t.j.p.i.JtaPlatformInitiator       : HHH000490: Using JtaPlatform implementation: [org.hibernate.engine.transaction.jta.platform.internal.NoJtaPlatform]&#10;2021-11-05 16:51:44.824  INFO 7948 --- [         task-1] j.LocalContainerEntityManagerFactoryBean : Initialized JPA EntityManagerFactory for persistence unit 'default'&#10;2021-11-05 16:51:45.071  INFO 7948 --- [    Test worker] o.s.b.a.e.web.EndpointLinksResolver      : Exposing 14 endpoint(s) beneath base path '/actuator'&#10;2021-11-05 16:51:45.089  INFO 7948 --- [    Test worker] o.s.b.w.embedded.tomcat.TomcatWebServer  : Tomcat started on port(s): 8881 (http) with context path ''&#10;2021-11-05 16:51:45.089  INFO 7948 --- [    Test worker] DeferredRepositoryInitializationListener : Triggering deferred initialization of Spring Data repositoriesâ€¦&#10;2021-11-05 16:51:45.129  INFO 7948 --- [    Test worker] DeferredRepositoryInitializationListener : Spring Data repositories initialized!&#10;2021-11-05 16:51:45.138  INFO 7948 --- [    Test worker] recipes.RecipesApplication               : Started RecipesApplication in 1.455 seconds (JVM running for 12.747)&#10;2021-11-05 16:51:45.146  INFO 7948 --- [nio-8881-exec-1] o.a.c.c.C.[Tomcat].[localhost].[/]       : Initializing Spring DispatcherServlet 'dispatcherServlet'&#10;2021-11-05 16:51:45.146  INFO 7948 --- [nio-8881-exec-1] o.s.web.servlet.DispatcherServlet        : Initializing Servlet 'dispatcherServlet'&#10;2021-11-05 16:51:45.150  INFO 7948 --- [nio-8881-exec-1] o.s.web.servlet.DispatcherServlet        : Completed initialization in 4 ms&#10;2021-11-05 16:51:45.182  WARN 7948 --- [nio-8881-exec-3] .w.s.m.s.DefaultHandlerExceptionResolver : Resolved [org.springframework.web.HttpRequestMethodNotSupportedException: Request method 'DELETE' not supported]" type="java.lang.AssertionError">java.lang.AssertionError: Wrong answer in test #8

DELETE /api/recipe/1 should respond with status code 204, responded: 405

Response body:
{&quot;timestamp&quot;:&quot;2021-11-05T20:51:45.195+00:00&quot;,&quot;status&quot;:405,&quot;error&quot;:&quot;Method Not Allowed&quot;,&quot;message&quot;:&quot;&quot;,&quot;path&quot;:&quot;/api/recipe/1&quot;}

Please find below the output of your program during this failed test.

---

.   ____          _            __ _ _
 /\\ / ___'_ __ _ _(_)_ __  __ _ \ \ \ \
( ( )\___ | '_ | '_| | '_ \/ _` | \ \ \ \
 \\/  ___)| |_)| | | | | || (_| |  ) ) ) )
  '  |____| .__|_| |_|_| |_\__, | / / / /
 =========|_|==============|___/=/_/_/_/
 :: Spring Boot ::        (v2.3.1.RELEASE)

2021-11-05 16:51:34.670  INFO 7948 --- [    Test worker] recipes.RecipesApplication               : Starting RecipesApplication on DESKTOP-TQV2K0M with PID 7948 (started by pauln in C:\Users\pauln\Desktop\Recipes2\Recipes\task)
2021-11-05 16:51:34.675  INFO 7948 --- [    Test worker] recipes.RecipesApplication               : No active profile set, falling back to default profiles: default
2021-11-05 16:51:36.378  INFO 7948 --- [    Test worker] .s.d.r.c.RepositoryConfigurationDelegate : Bootstrapping Spring Data JPA repositories in DEFERRED mode.
2021-11-05 16:51:36.465  INFO 7948 --- [    Test worker] .s.d.r.c.RepositoryConfigurationDelegate : Finished Spring Data repository scanning in 73ms. Found 1 JPA repository interfaces.
2021-11-05 16:51:37.826  INFO 7948 --- [    Test worker] o.s.b.w.embedded.tomcat.TomcatWebServer  : Tomcat initialized with port(s): 8881 (http)
2021-11-05 16:51:37.850  INFO 7948 --- [    Test worker] o.apache.catalina.core.StandardService   : Starting service [Tomcat]
2021-11-05 16:51:37.851  INFO 7948 --- [    Test worker] org.apache.catalina.core.StandardEngine  : Starting Servlet engine: [Apache Tomcat/9.0.36]
2021-11-05 16:51:38.042  INFO 7948 --- [    Test worker] o.a.c.c.C.[Tomcat].[localhost].[/]       : Initializing Spring embedded WebApplicationContext
2021-11-05 16:51:38.043  INFO 7948 --- [    Test worker] w.s.c.ServletWebServerApplicationContext : Root WebApplicationContext: initialization completed in 3277 ms
2021-11-05 16:51:38.297  INFO 7948 --- [    Test worker] com.zaxxer.hikari.HikariDataSource       : HikariPool-1 - Starting...
2021-11-05 16:51:38.705  INFO 7948 --- [    Test worker] com.zaxxer.hikari.HikariDataSource       : HikariPool-1 - Start completed.
2021-11-05 16:51:38.720  INFO 7948 --- [    Test worker] o.s.b.a.h2.H2ConsoleAutoConfiguration    : H2 console available at '/h2-console'. Database available at 'jdbc:h2:file:../recipes_db'
2021-11-05 16:51:39.072  INFO 7948 --- [    Test worker] o.s.s.concurrent.ThreadPoolTaskExecutor  : Initializing ExecutorService 'applicationTaskExecutor'
2021-11-05 16:51:39.157  INFO 7948 --- [         task-1] o.hibernate.jpa.internal.util.LogHelper  : HHH000204: Processing PersistenceUnitInfo [name: default]
2021-11-05 16:51:39.206  WARN 7948 --- [    Test worker] JpaBaseConfiguration$JpaWebConfiguration : spring.jpa.open-in-view is enabled by default. Therefore, database queries may be performed during view rendering. Explicitly configure spring.jpa.open-in-view to disable this warning
2021-11-05 16:51:39.279  INFO 7948 --- [         task-1] org.hibernate.Version                    : HHH000412: Hibernate ORM core version 5.4.17.Final
2021-11-05 16:51:39.639  INFO 7948 --- [         task-1] o.hibernate.annotations.common.Version   : HCANN000001: Hibernate Commons Annotations {5.1.0.Final}
2021-11-05 16:51:39.907  INFO 7948 --- [         task-1] org.hibernate.dialect.Dialect            : HHH000400: Using dialect: org.hibernate.dialect.H2Dialect
2021-11-05 16:51:41.276  INFO 7948 --- [         task-1] o.h.e.t.j.p.i.JtaPlatformInitiator       : HHH000490: Using JtaPlatform implementation: [org.hibernate.engine.transaction.jta.platform.internal.NoJtaPlatform]
2021-11-05 16:51:41.291  INFO 7948 --- [         task-1] j.LocalContainerEntityManagerFactoryBean : Initialized JPA EntityManagerFactory for persistence unit 'default'
2021-11-05 16:51:41.419  INFO 7948 --- [    Test worker] o.s.b.a.e.web.EndpointLinksResolver      : Exposing 14 endpoint(s) beneath base path '/actuator'
2021-11-05 16:51:41.518  INFO 7948 --- [    Test worker] o.s.b.w.embedded.tomcat.TomcatWebServer  : Tomcat started on port(s): 8881 (http) with context path ''
2021-11-05 16:51:41.520  INFO 7948 --- [    Test worker] DeferredRepositoryInitializationListener : Triggering deferred initialization of Spring Data repositoriesâ€¦
2021-11-05 16:51:41.844  INFO 7948 --- [    Test worker] DeferredRepositoryInitializationListener : Spring Data repositories initialized!
2021-11-05 16:51:41.865  INFO 7948 --- [    Test worker] recipes.RecipesApplication               : Started RecipesApplication in 7.812 seconds (JVM running for 9.474)
2021-11-05 16:51:42.372  INFO 7948 --- [nio-8881-exec-1] o.a.c.c.C.[Tomcat].[localhost].[/]       : Initializing Spring DispatcherServlet 'dispatcherServlet'
2021-11-05 16:51:42.373  INFO 7948 --- [nio-8881-exec-1] o.s.web.servlet.DispatcherServlet        : Initializing Servlet 'dispatcherServlet'
2021-11-05 16:51:42.386  INFO 7948 --- [nio-8881-exec-1] o.s.web.servlet.DispatcherServlet        : Completed initialization in 13 ms
2021-11-05 16:51:43.578  INFO 7948 --- [     Thread-313] j.LocalContainerEntityManagerFactoryBean : Closing JPA EntityManagerFactory for persistence unit 'default'
2021-11-05 16:51:43.581  INFO 7948 --- [     Thread-313] o.s.s.concurrent.ThreadPoolTaskExecutor  : Shutting down ExecutorService 'applicationTaskExecutor'
2021-11-05 16:51:43.582  INFO 7948 --- [     Thread-313] com.zaxxer.hikari.HikariDataSource       : HikariPool-1 - Shutdown initiated...
2021-11-05 16:51:43.611  INFO 7948 --- [     Thread-313] com.zaxxer.hikari.HikariDataSource       : HikariPool-1 - Shutdown completed.

  .   ____          _            __ _ _
 /\\ / ___'_ __ _ _(_)_ __  __ _ \ \ \ \
( ( )\___ | '_ | '_| | '_ \/ _` | \ \ \ \
 \\/  ___)| |_)| | | | | || (_| |  ) ) ) )
  '  |____| .__|_| |_|_| |_\__, | / / / /
 =========|_|==============|___/=/_/_/_/
 :: Spring Boot ::        (v2.3.1.RELEASE)

2021-11-05 16:51:43.720  INFO 7948 --- [    Test worker] recipes.RecipesApplication               : Starting RecipesApplication on DESKTOP-TQV2K0M with PID 7948 (started by pauln in C:\Users\pauln\Desktop\Recipes2\Recipes\task)
2021-11-05 16:51:43.721  INFO 7948 --- [    Test worker] recipes.RecipesApplication               : No active profile set, falling back to default profiles: default
2021-11-05 16:51:44.372  INFO 7948 --- [    Test worker] .s.d.r.c.RepositoryConfigurationDelegate : Bootstrapping Spring Data JPA repositories in DEFERRED mode.
2021-11-05 16:51:44.383  INFO 7948 --- [    Test worker] .s.d.r.c.RepositoryConfigurationDelegate : Finished Spring Data repository scanning in 10ms. Found 1 JPA repository interfaces.
2021-11-05 16:51:44.518  INFO 7948 --- [    Test worker] o.s.b.w.embedded.tomcat.TomcatWebServer  : Tomcat initialized with port(s): 8881 (http)
2021-11-05 16:51:44.519  INFO 7948 --- [    Test worker] o.apache.catalina.core.StandardService   : Starting service [Tomcat]
2021-11-05 16:51:44.519  INFO 7948 --- [    Test worker] org.apache.catalina.core.StandardEngine  : Starting Servlet engine: [Apache Tomcat/9.0.36]
2021-11-05 16:51:44.563  INFO 7948 --- [    Test worker] o.a.c.c.C.[Tomcat].[localhost].[/]       : Initializing Spring embedded WebApplicationContext
2021-11-05 16:51:44.563  INFO 7948 --- [    Test worker] w.s.c.ServletWebServerApplicationContext : Root WebApplicationContext: initialization completed in 833 ms
2021-11-05 16:51:44.630  INFO 7948 --- [    Test worker] com.zaxxer.hikari.HikariDataSource       : HikariPool-2 - Starting...
2021-11-05 16:51:44.648  INFO 7948 --- [    Test worker] com.zaxxer.hikari.HikariDataSource       : HikariPool-2 - Start completed.
2021-11-05 16:51:44.649  INFO 7948 --- [    Test worker] o.s.b.a.h2.H2ConsoleAutoConfiguration    : H2 console available at '/h2-console'. Database available at 'jdbc:h2:file:../recipes_db'
2021-11-05 16:51:44.727  INFO 7948 --- [    Test worker] o.s.s.concurrent.ThreadPoolTaskExecutor  : Initializing ExecutorService 'applicationTaskExecutor'
2021-11-05 16:51:44.735  INFO 7948 --- [         task-1] o.hibernate.jpa.internal.util.LogHelper  : HHH000204: Processing PersistenceUnitInfo [name: default]
2021-11-05 16:51:44.748  INFO 7948 --- [         task-1] org.hibernate.dialect.Dialect            : HHH000400: Using dialect: org.hibernate.dialect.H2Dialect
2021-11-05 16:51:44.774  WARN 7948 --- [    Test worker] JpaBaseConfiguration$JpaWebConfiguration : spring.jpa.open-in-view is enabled by default. Therefore, database queries may be performed during view rendering. Explicitly configure spring.jpa.open-in-view to disable this warning
2021-11-05 16:51:44.823  INFO 7948 --- [         task-1] o.h.e.t.j.p.i.JtaPlatformInitiator       : HHH000490: Using JtaPlatform implementation: [org.hibernate.engine.transaction.jta.platform.internal.NoJtaPlatform]
2021-11-05 16:51:44.824  INFO 7948 --- [         task-1] j.LocalContainerEntityManagerFactoryBean : Initialized JPA EntityManagerFactory for persistence unit 'default'
2021-11-05 16:51:45.071  INFO 7948 --- [    Test worker] o.s.b.a.e.web.EndpointLinksResolver      : Exposing 14 endpoint(s) beneath base path '/actuator'
2021-11-05 16:51:45.089  INFO 7948 --- [    Test worker] o.s.b.w.embedded.tomcat.TomcatWebServer  : Tomcat started on port(s): 8881 (http) with context path ''
2021-11-05 16:51:45.089  INFO 7948 --- [    Test worker] DeferredRepositoryInitializationListener : Triggering deferred initialization of Spring Data repositoriesâ€¦
2021-11-05 16:51:45.129  INFO 7948 --- [    Test worker] DeferredRepositoryInitializationListener : Spring Data repositories initialized!
2021-11-05 16:51:45.138  INFO 7948 --- [    Test worker] recipes.RecipesApplication               : Started RecipesApplication in 1.455 seconds (JVM running for 12.747)
2021-11-05 16:51:45.146  INFO 7948 --- [nio-8881-exec-1] o.a.c.c.C.[Tomcat].[localhost].[/]       : Initializing Spring DispatcherServlet 'dispatcherServlet'
2021-11-05 16:51:45.146  INFO 7948 --- [nio-8881-exec-1] o.s.web.servlet.DispatcherServlet        : Initializing Servlet 'dispatcherServlet'
2021-11-05 16:51:45.150  INFO 7948 --- [nio-8881-exec-1] o.s.web.servlet.DispatcherServlet        : Completed initialization in 4 ms
2021-11-05 16:51:45.182  WARN 7948 --- [nio-8881-exec-3] .w.s.m.s.DefaultHandlerExceptionResolver : Resolved [org.springframework.web.HttpRequestMethodNotSupportedException: Request method 'DELETE' not supported]
	at org.junit.Assert.fail(Assert.java:89)
	at org.hyperskill.hstest.stage.StageTest.start(StageTest.java:155)
	at java.base/jdk.internal.reflect.NativeMethodAccessorImpl.invoke0(Native Method)
	at java.base/jdk.internal.reflect.NativeMethodAccessorImpl.invoke(NativeMethodAccessorImpl.java:62)
	at java.base/jdk.internal.reflect.DelegatingMethodAccessorImpl.invoke(DelegatingMethodAccessorImpl.java:43)
	at java.base/java.lang.reflect.Method.invoke(Method.java:566)
	at org.junit.runners.model.FrameworkMethod$1.runReflectiveCall(FrameworkMethod.java:59)
	at org.junit.internal.runners.model.ReflectiveCallable.run(ReflectiveCallable.java:12)
	at org.junit.runners.model.FrameworkMethod.invokeExplosively(FrameworkMethod.java:56)
	at org.junit.internal.runners.statements.InvokeMethod.evaluate(InvokeMethod.java:17)
	at org.junit.internal.runners.statements.RunAfters.evaluate(RunAfters.java:27)
	at org.junit.runners.ParentRunner$3.evaluate(ParentRunner.java:306)
	at org.junit.runners.BlockJUnit4ClassRunner$1.evaluate(BlockJUnit4ClassRunner.java:100)
	at org.junit.runners.ParentRunner.runLeaf(ParentRunner.java:366)
	at org.junit.runners.BlockJUnit4ClassRunner.runChild(BlockJUnit4ClassRunner.java:103)
	at org.junit.runners.BlockJUnit4ClassRunner.runChild(BlockJUnit4ClassRunner.java:63)
	at org.junit.runners.ParentRunner$4.run(ParentRunner.java:331)
	at org.junit.runners.ParentRunner$1.schedule(ParentRunner.java:79)
	at org.junit.runners.ParentRunner.runChildren(ParentRunner.java:329)
	at org.junit.runners.ParentRunner.access$100(ParentRunner.java:66)
	at org.junit.runners.ParentRunner$2.evaluate(ParentRunner.java:293)
	at org.junit.runners.ParentRunner$3.evaluate(ParentRunner.java:306)
	at org.junit.runners.ParentRunner.run(ParentRunner.java:413)
	at org.gradle.api.internal.tasks.testing.junit.JUnitTestClassExecutor.runTestClass(JUnitTestClassExecutor.java:110)
	at org.gradle.api.internal.tasks.testing.junit.JUnitTestClassExecutor.execute(JUnitTestClassExecutor.java:58)
	at org.gradle.api.internal.tasks.testing.junit.JUnitTestClassExecutor.execute(JUnitTestClassExecutor.java:38)
	at org.gradle.api.internal.tasks.testing.junit.AbstractJUnitTestClassProcessor.processTestClass(AbstractJUnitTestClassProcessor.java:62)
	at org.gradle.api.internal.tasks.testing.SuiteTestClassProcessor.processTestClass(SuiteTestClassProcessor.java:51)
	at java.base/jdk.internal.reflect.NativeMethodAccessorImpl.invoke0(Native Method)
	at java.base/jdk.internal.reflect.NativeMethodAccessorImpl.invoke(NativeMethodAccessorImpl.java:62)
	at java.base/jdk.internal.reflect.DelegatingMethodAccessorImpl.invoke(DelegatingMethodAccessorImpl.java:43)
	at java.base/java.lang.reflect.Method.invoke(Method.java:566)
	at org.gradle.internal.dispatch.ReflectionDispatch.dispatch(ReflectionDispatch.java:36)
	at org.gradle.internal.dispatch.ReflectionDispatch.dispatch(ReflectionDispatch.java:24)
	at org.gradle.internal.dispatch.ContextClassLoaderDispatch.dispatch(ContextClassLoaderDispatch.java:33)
	at org.gradle.internal.dispatch.ProxyDispatchAdapter$DispatchingInvocationHandler.invoke(ProxyDispatchAdapter.java:94)
	at com.sun.proxy.$Proxy2.processTestClass(Unknown Source)
	at org.gradle.api.internal.tasks.testing.worker.TestWorker.processTestClass(TestWorker.java:121)
	at java.base/jdk.internal.reflect.NativeMethodAccessorImpl.invoke0(Native Method)
	at java.base/jdk.internal.reflect.NativeMethodAccessorImpl.invoke(NativeMethodAccessorImpl.java:62)
	at java.base/jdk.internal.reflect.DelegatingMethodAccessorImpl.invoke(DelegatingMethodAccessorImpl.java:43)
	at java.base/java.lang.reflect.Method.invoke(Method.java:566)
	at org.gradle.internal.dispatch.ReflectionDispatch.dispatch(ReflectionDispatch.java:36)
	at org.gradle.internal.dispatch.ReflectionDispatch.dispatch(ReflectionDispatch.java:24)
	at org.gradle.internal.remote.internal.hub.MessageHubBackedObjectConnection$DispatchWrapper.dispatch(MessageHubBackedObjectConnection.java:182)
	at org.gradle.internal.remote.internal.hub.MessageHubBackedObjectConnection$DispatchWrapper.dispatch(MessageHubBackedObjectConnection.java:164)
	at org.gradle.internal.remote.internal.hub.MessageHub$Handler.run(MessageHub.java:414)
	at org.gradle.internal.concurrent.ExecutorPolicy$CatchAndRecordFailures.onExecute(ExecutorPolicy.java:64)
	at org.gradle.internal.concurrent.ManagedExecutorImpl$1.run(ManagedExecutorImpl.java:48)
	at java.base/java.util.concurrent.ThreadPoolExecutor.runWorker(ThreadPoolExecutor.java:1128)
	at java.base/java.util.concurrent.ThreadPoolExecutor$Worker.run(ThreadPoolExecutor.java:628)
	at org.gradle.internal.concurrent.ThreadFactoryImpl$ManagedThreadRunnable.run(ThreadFactoryImpl.java:56)
	at java.base/java.lang.Thread.run(Thread.java:829)
</failure>
  </testcase>
  <system-out><![CDATA[?[1;31m
Start test 1?[0m

  .   ____          _            __ _ _
 /\\ / ___'_ __ _ _(_)_ __  __ _ \ \ \ \
( ( )\___ | '_ | '_| | '_ \/ _` | \ \ \ \
 \\/  ___)| |_)| | | | | || (_| |  ) ) ) )
  '  |____| .__|_| |_|_| |_\__, | / / / /
 =========|_|==============|___/=/_/_/_/
 :: Spring Boot ::        (v2.3.1.RELEASE)

2021-11-05 16:51:34.670  INFO 7948 --- [    Test worker] recipes.RecipesApplication               : Starting RecipesApplication on DESKTOP-TQV2K0M with PID 7948 (started by pauln in C:\Users\pauln\Desktop\Recipes2\Recipes\task)
2021-11-05 16:51:34.675  INFO 7948 --- [    Test worker] recipes.RecipesApplication               : No active profile set, falling back to default profiles: default
2021-11-05 16:51:36.378  INFO 7948 --- [    Test worker] .s.d.r.c.RepositoryConfigurationDelegate : Bootstrapping Spring Data JPA repositories in DEFERRED mode.
2021-11-05 16:51:36.465  INFO 7948 --- [    Test worker] .s.d.r.c.RepositoryConfigurationDelegate : Finished Spring Data repository scanning in 73ms. Found 1 JPA repository interfaces.
2021-11-05 16:51:37.826  INFO 7948 --- [    Test worker] o.s.b.w.embedded.tomcat.TomcatWebServer  : Tomcat initialized with port(s): 8881 (http)
2021-11-05 16:51:37.850  INFO 7948 --- [    Test worker] o.apache.catalina.core.StandardService   : Starting service [Tomcat]
2021-11-05 16:51:37.851  INFO 7948 --- [    Test worker] org.apache.catalina.core.StandardEngine  : Starting Servlet engine: [Apache Tomcat/9.0.36]
2021-11-05 16:51:38.042  INFO 7948 --- [    Test worker] o.a.c.c.C.[Tomcat].[localhost].[/]       : Initializing Spring embedded WebApplicationContext
2021-11-05 16:51:38.043  INFO 7948 --- [    Test worker] w.s.c.ServletWebServerApplicationContext : Root WebApplicationContext: initialization completed in 3277 ms
2021-11-05 16:51:38.297  INFO 7948 --- [    Test worker] com.zaxxer.hikari.HikariDataSource       : HikariPool-1 - Starting...
2021-11-05 16:51:38.705  INFO 7948 --- [    Test worker] com.zaxxer.hikari.HikariDataSource       : HikariPool-1 - Start completed.
2021-11-05 16:51:38.720  INFO 7948 --- [    Test worker] o.s.b.a.h2.H2ConsoleAutoConfiguration    : H2 console available at '/h2-console'. Database available at 'jdbc:h2:file:../recipes_db'
2021-11-05 16:51:39.072  INFO 7948 --- [    Test worker] o.s.s.concurrent.ThreadPoolTaskExecutor  : Initializing ExecutorService 'applicationTaskExecutor'
2021-11-05 16:51:39.157  INFO 7948 --- [         task-1] o.hibernate.jpa.internal.util.LogHelper  : HHH000204: Processing PersistenceUnitInfo [name: default]
2021-11-05 16:51:39.206  WARN 7948 --- [    Test worker] JpaBaseConfiguration$JpaWebConfiguration : spring.jpa.open-in-view is enabled by default. Therefore, database queries may be performed during view rendering. Explicitly configure spring.jpa.open-in-view to disable this warning
2021-11-05 16:51:39.279  INFO 7948 --- [         task-1] org.hibernate.Version                    : HHH000412: Hibernate ORM core version 5.4.17.Final
2021-11-05 16:51:39.639  INFO 7948 --- [         task-1] o.hibernate.annotations.common.Version   : HCANN000001: Hibernate Commons Annotations {5.1.0.Final}
2021-11-05 16:51:39.907  INFO 7948 --- [         task-1] org.hibernate.dialect.Dialect            : HHH000400: Using dialect: org.hibernate.dialect.H2Dialect
2021-11-05 16:51:41.276  INFO 7948 --- [         task-1] o.h.e.t.j.p.i.JtaPlatformInitiator       : HHH000490: Using JtaPlatform implementation: [org.hibernate.engine.transaction.jta.platform.internal.NoJtaPlatform]
2021-11-05 16:51:41.291  INFO 7948 --- [         task-1] j.LocalContainerEntityManagerFactoryBean : Initialized JPA EntityManagerFactory for persistence unit 'default'
2021-11-05 16:51:41.419  INFO 7948 --- [    Test worker] o.s.b.a.e.web.EndpointLinksResolver      : Exposing 14 endpoint(s) beneath base path '/actuator'
2021-11-05 16:51:41.518  INFO 7948 --- [    Test worker] o.s.b.w.embedded.tomcat.TomcatWebServer  : Tomcat started on port(s): 8881 (http) with context path ''
2021-11-05 16:51:41.520  INFO 7948 --- [    Test worker] DeferredRepositoryInitializationListener : Triggering deferred initialization of Spring Data repositoriesâ€¦
2021-11-05 16:51:41.844  INFO 7948 --- [    Test worker] DeferredRepositoryInitializationListener : Spring Data repositories initialized!
2021-11-05 16:51:41.865  INFO 7948 --- [    Test worker] recipes.RecipesApplication               : Started RecipesApplication in 7.812 seconds (JVM running for 9.474)
2021-11-05 16:51:42.372  INFO 7948 --- [nio-8881-exec-1] o.a.c.c.C.[Tomcat].[localhost].[/]       : Initializing Spring DispatcherServlet 'dispatcherServlet'
2021-11-05 16:51:42.373  INFO 7948 --- [nio-8881-exec-1] o.s.web.servlet.DispatcherServlet        : Initializing Servlet 'dispatcherServlet'
2021-11-05 16:51:42.386  INFO 7948 --- [nio-8881-exec-1] o.s.web.servlet.DispatcherServlet        : Completed initialization in 13 ms
?[1;31m
Start test 2?[0m
?[1;31m
Start test 3?[0m
?[1;31m
Start test 4?[0m
?[1;31m
Start test 5?[0m
2021-11-05 16:51:43.578  INFO 7948 --- [     Thread-313] j.LocalContainerEntityManagerFactoryBean : Closing JPA EntityManagerFactory for persistence unit 'default'
2021-11-05 16:51:43.581  INFO 7948 --- [     Thread-313] o.s.s.concurrent.ThreadPoolTaskExecutor  : Shutting down ExecutorService 'applicationTaskExecutor'
2021-11-05 16:51:43.582  INFO 7948 --- [     Thread-313] com.zaxxer.hikari.HikariDataSource       : HikariPool-1 - Shutdown initiated...
2021-11-05 16:51:43.611  INFO 7948 --- [     Thread-313] com.zaxxer.hikari.HikariDataSource       : HikariPool-1 - Shutdown completed.

  .   ____          _            __ _ _
 /\\ / ___'_ __ _ _(_)_ __  __ _ \ \ \ \
( ( )\___ | '_ | '_| | '_ \/ _` | \ \ \ \
 \\/  ___)| |_)| | | | | || (_| |  ) ) ) )
  '  |____| .__|_| |_|_| |_\__, | / / / /
 =========|_|==============|___/=/_/_/_/
 :: Spring Boot ::        (v2.3.1.RELEASE)

2021-11-05 16:51:43.720  INFO 7948 --- [    Test worker] recipes.RecipesApplication               : Starting RecipesApplication on DESKTOP-TQV2K0M with PID 7948 (started by pauln in C:\Users\pauln\Desktop\Recipes2\Recipes\task)
2021-11-05 16:51:43.721  INFO 7948 --- [    Test worker] recipes.RecipesApplication               : No active profile set, falling back to default profiles: default
2021-11-05 16:51:44.372  INFO 7948 --- [    Test worker] .s.d.r.c.RepositoryConfigurationDelegate : Bootstrapping Spring Data JPA repositories in DEFERRED mode.
2021-11-05 16:51:44.383  INFO 7948 --- [    Test worker] .s.d.r.c.RepositoryConfigurationDelegate : Finished Spring Data repository scanning in 10ms. Found 1 JPA repository interfaces.
2021-11-05 16:51:44.518  INFO 7948 --- [    Test worker] o.s.b.w.embedded.tomcat.TomcatWebServer  : Tomcat initialized with port(s): 8881 (http)
2021-11-05 16:51:44.519  INFO 7948 --- [    Test worker] o.apache.catalina.core.StandardService   : Starting service [Tomcat]
2021-11-05 16:51:44.519  INFO 7948 --- [    Test worker] org.apache.catalina.core.StandardEngine  : Starting Servlet engine: [Apache Tomcat/9.0.36]
2021-11-05 16:51:44.563  INFO 7948 --- [    Test worker] o.a.c.c.C.[Tomcat].[localhost].[/]       : Initializing Spring embedded WebApplicationContext
2021-11-05 16:51:44.563  INFO 7948 --- [    Test worker] w.s.c.ServletWebServerApplicationContext : Root WebApplicationContext: initialization completed in 833 ms
2021-11-05 16:51:44.630  INFO 7948 --- [    Test worker] com.zaxxer.hikari.HikariDataSource       : HikariPool-2 - Starting...
2021-11-05 16:51:44.648  INFO 7948 --- [    Test worker] com.zaxxer.hikari.HikariDataSource       : HikariPool-2 - Start completed.
2021-11-05 16:51:44.649  INFO 7948 --- [    Test worker] o.s.b.a.h2.H2ConsoleAutoConfiguration    : H2 console available at '/h2-console'. Database available at 'jdbc:h2:file:../recipes_db'
2021-11-05 16:51:44.727  INFO 7948 --- [    Test worker] o.s.s.concurrent.ThreadPoolTaskExecutor  : Initializing ExecutorService 'applicationTaskExecutor'
2021-11-05 16:51:44.735  INFO 7948 --- [         task-1] o.hibernate.jpa.internal.util.LogHelper  : HHH000204: Processing PersistenceUnitInfo [name: default]
2021-11-05 16:51:44.748  INFO 7948 --- [         task-1] org.hibernate.dialect.Dialect            : HHH000400: Using dialect: org.hibernate.dialect.H2Dialect
2021-11-05 16:51:44.774  WARN 7948 --- [    Test worker] JpaBaseConfiguration$JpaWebConfiguration : spring.jpa.open-in-view is enabled by default. Therefore, database queries may be performed during view rendering. Explicitly configure spring.jpa.open-in-view to disable this warning
2021-11-05 16:51:44.823  INFO 7948 --- [         task-1] o.h.e.t.j.p.i.JtaPlatformInitiator       : HHH000490: Using JtaPlatform implementation: [org.hibernate.engine.transaction.jta.platform.internal.NoJtaPlatform]
2021-11-05 16:51:44.824  INFO 7948 --- [         task-1] j.LocalContainerEntityManagerFactoryBean : Initialized JPA EntityManagerFactory for persistence unit 'default'
2021-11-05 16:51:45.071  INFO 7948 --- [    Test worker] o.s.b.a.e.web.EndpointLinksResolver      : Exposing 14 endpoint(s) beneath base path '/actuator'
2021-11-05 16:51:45.089  INFO 7948 --- [    Test worker] o.s.b.w.embedded.tomcat.TomcatWebServer  : Tomcat started on port(s): 8881 (http) with context path ''
2021-11-05 16:51:45.089  INFO 7948 --- [    Test worker] DeferredRepositoryInitializationListener : Triggering deferred initialization of Spring Data repositoriesâ€¦
2021-11-05 16:51:45.129  INFO 7948 --- [    Test worker] DeferredRepositoryInitializationListener : Spring Data repositories initialized!
2021-11-05 16:51:45.138  INFO 7948 --- [    Test worker] recipes.RecipesApplication               : Started RecipesApplication in 1.455 seconds (JVM running for 12.747)
?[1;31m
Start test 6?[0m
2021-11-05 16:51:45.146  INFO 7948 --- [nio-8881-exec-1] o.a.c.c.C.[Tomcat].[localhost].[/]       : Initializing Spring DispatcherServlet 'dispatcherServlet'
2021-11-05 16:51:45.146  INFO 7948 --- [nio-8881-exec-1] o.s.web.servlet.DispatcherServlet        : Initializing Servlet 'dispatcherServlet'
2021-11-05 16:51:45.150  INFO 7948 --- [nio-8881-exec-1] o.s.web.servlet.DispatcherServlet        : Completed initialization in 4 ms
?[1;31m
Start test 7?[0m
?[1;31m
Start test 8?[0m
2021-11-05 16:51:45.182  WARN 7948 --- [nio-8881-exec-3] .w.s.m.s.DefaultHandlerExceptionResolver : Resolved [org.springframework.web.HttpRequestMethodNotSupportedException: Request method 'DELETE' not supported]
]]></system-out>
  <system-err><![CDATA[]]></system-err>
</testsuite>
