<?xml version="1.0" encoding="UTF-8"?>
<testsuite name="RecipesApplicationTest" tests="1" skipped="0" failures="0" errors="0" timestamp="2021-11-05T15:55:53" hostname="DESKTOP-TQV2K0M" time="4.918">
  <properties/>
  <testcase name="start" classname="RecipesApplicationTest" time="4.918"/>
  <system-out><![CDATA[?[1;31m
Start test 1?[0m

  .   ____          _            __ _ _
 /\\ / ___'_ __ _ _(_)_ __  __ _ \ \ \ \
( ( )\___ | '_ | '_| | '_ \/ _` | \ \ \ \
 \\/  ___)| |_)| | | | | || (_| |  ) ) ) )
  '  |____| .__|_| |_|_| |_\__, | / / / /
 =========|_|==============|___/=/_/_/_/
 :: Spring Boot ::        (v2.3.1.RELEASE)

2021-11-05 11:55:54.185  INFO 8440 --- [    Test worker] recipes.RecipesApplication               : Starting RecipesApplication on DESKTOP-TQV2K0M with PID 8440 (started by pauln in C:\Users\pauln\Desktop\Recipes2\Recipes\task)
2021-11-05 11:55:54.190  INFO 8440 --- [    Test worker] recipes.RecipesApplication               : No active profile set, falling back to default profiles: default
2021-11-05 11:55:55.971  INFO 8440 --- [    Test worker] o.s.b.w.embedded.tomcat.TomcatWebServer  : Tomcat initialized with port(s): 8881 (http)
2021-11-05 11:55:55.986  INFO 8440 --- [    Test worker] o.apache.catalina.core.StandardService   : Starting service [Tomcat]
2021-11-05 11:55:55.987  INFO 8440 --- [    Test worker] org.apache.catalina.core.StandardEngine  : Starting Servlet engine: [Apache Tomcat/9.0.36]
2021-11-05 11:55:56.125  INFO 8440 --- [    Test worker] o.a.c.c.C.[Tomcat].[localhost].[/]       : Initializing Spring embedded WebApplicationContext
2021-11-05 11:55:56.126  INFO 8440 --- [    Test worker] w.s.c.ServletWebServerApplicationContext : Root WebApplicationContext: initialization completed in 1872 ms
2021-11-05 11:55:56.607  INFO 8440 --- [    Test worker] o.s.s.concurrent.ThreadPoolTaskExecutor  : Initializing ExecutorService 'applicationTaskExecutor'
2021-11-05 11:55:57.087  INFO 8440 --- [    Test worker] o.s.b.a.e.web.EndpointLinksResolver      : Exposing 14 endpoint(s) beneath base path '/actuator'
2021-11-05 11:55:57.162  INFO 8440 --- [    Test worker] o.s.b.w.embedded.tomcat.TomcatWebServer  : Tomcat started on port(s): 8881 (http) with context path ''
2021-11-05 11:55:57.181  INFO 8440 --- [    Test worker] recipes.RecipesApplication               : Started RecipesApplication in 3.515 seconds (JVM running for 4.892)
2021-11-05 11:55:57.785  INFO 8440 --- [nio-8881-exec-1] o.a.c.c.C.[Tomcat].[localhost].[/]       : Initializing Spring DispatcherServlet 'dispatcherServlet'
2021-11-05 11:55:57.787  INFO 8440 --- [nio-8881-exec-1] o.s.web.servlet.DispatcherServlet        : Initializing Servlet 'dispatcherServlet'
2021-11-05 11:55:57.802  INFO 8440 --- [nio-8881-exec-1] o.s.web.servlet.DispatcherServlet        : Completed initialization in 15 ms
?[1;31m
Start test 2?[0m
?[1;31m
Start test 3?[0m
?[1;31m
Start test 4?[0m
?[1;31m
Start test 5?[0m
]]></system-out>
  <system-err><![CDATA[]]></system-err>
</testsuite>
