<?xml version="1.0" encoding="UTF-8"?>
<testsuite name="RecipesApplicationTest" tests="1" skipped="0" failures="0" errors="0" timestamp="2021-11-05T16:21:56" hostname="DESKTOP-TQV2K0M" time="4.347">
  <properties/>
  <testcase name="start" classname="RecipesApplicationTest" time="4.347"/>
  <system-out><![CDATA[?[1;31m
Start test 1?[0m

  .   ____          _            __ _ _
 /\\ / ___'_ __ _ _(_)_ __  __ _ \ \ \ \
( ( )\___ | '_ | '_| | '_ \/ _` | \ \ \ \
 \\/  ___)| |_)| | | | | || (_| |  ) ) ) )
  '  |____| .__|_| |_|_| |_\__, | / / / /
 =========|_|==============|___/=/_/_/_/
 :: Spring Boot ::        (v2.3.1.RELEASE)

2021-11-05 12:21:57.725  INFO 18404 --- [    Test worker] recipes.RecipesApplication               : Starting RecipesApplication on DESKTOP-TQV2K0M with PID 18404 (started by pauln in C:\Users\pauln\Desktop\Recipes2\Recipes\task)
2021-11-05 12:21:57.731  INFO 18404 --- [    Test worker] recipes.RecipesApplication               : No active profile set, falling back to default profiles: default
2021-11-05 12:21:59.561  INFO 18404 --- [    Test worker] o.s.b.w.embedded.tomcat.TomcatWebServer  : Tomcat initialized with port(s): 8881 (http)
2021-11-05 12:21:59.576  INFO 18404 --- [    Test worker] o.apache.catalina.core.StandardService   : Starting service [Tomcat]
2021-11-05 12:21:59.576  INFO 18404 --- [    Test worker] org.apache.catalina.core.StandardEngine  : Starting Servlet engine: [Apache Tomcat/9.0.36]
2021-11-05 12:21:59.705  INFO 18404 --- [    Test worker] o.a.c.c.C.[Tomcat].[localhost].[/]       : Initializing Spring embedded WebApplicationContext
2021-11-05 12:21:59.705  INFO 18404 --- [    Test worker] w.s.c.ServletWebServerApplicationContext : Root WebApplicationContext: initialization completed in 1904 ms
2021-11-05 12:22:00.079  INFO 18404 --- [    Test worker] o.s.s.concurrent.ThreadPoolTaskExecutor  : Initializing ExecutorService 'applicationTaskExecutor'
2021-11-05 12:22:00.430  INFO 18404 --- [    Test worker] o.s.b.a.e.web.EndpointLinksResolver      : Exposing 14 endpoint(s) beneath base path '/actuator'
2021-11-05 12:22:00.489  INFO 18404 --- [    Test worker] o.s.b.w.embedded.tomcat.TomcatWebServer  : Tomcat started on port(s): 8881 (http) with context path ''
2021-11-05 12:22:00.507  INFO 18404 --- [    Test worker] recipes.RecipesApplication               : Started RecipesApplication in 3.302 seconds (JVM running for 4.655)
2021-11-05 12:22:00.948  INFO 18404 --- [nio-8881-exec-1] o.a.c.c.C.[Tomcat].[localhost].[/]       : Initializing Spring DispatcherServlet 'dispatcherServlet'
2021-11-05 12:22:00.950  INFO 18404 --- [nio-8881-exec-1] o.s.web.servlet.DispatcherServlet        : Initializing Servlet 'dispatcherServlet'
2021-11-05 12:22:00.960  INFO 18404 --- [nio-8881-exec-1] o.s.web.servlet.DispatcherServlet        : Completed initialization in 10 ms
?[1;31m
Start test 2?[0m
?[1;31m
Start test 3?[0m
?[1;31m
Start test 4?[0m
?[1;31m
Start test 5?[0m
]]></system-out>
  <system-err><![CDATA[]]></system-err>
</testsuite>
